0 info it worked if it ends with ok
1 verbose cli [ 'C:\\Program Files\\nodejs\\node.exe',
1 verbose cli   'C:\\Program Files\\nodejs\\node_modules\\npm\\bin\\npm-cli.js',
1 verbose cli   'login' ]
2 info using npm@4.1.2
3 info using node@v7.7.2
4 verbose adduser before first PUT { _id: 'org.couchdb.user:htoooth',
4 verbose adduser   name: 'htoooth',
4 verbose adduser   password: 'XXXXX',
4 verbose adduser   email: 'ht.anglenx@gmail.com',
4 verbose adduser   type: 'user',
4 verbose adduser   roles: [],
4 verbose adduser   date: '2017-06-07T05:08:57.006Z' }
5 verbose request uri https://registry.npm.taobao.org/-/user/org.couchdb.user:htoooth
6 verbose request new user, so can't send auth
7 info attempt registry request try #1 at 13:08:57
8 verbose request id da71b488910703d4
9 http request PUT https://registry.npm.taobao.org/-/user/org.couchdb.user:htoooth
10 http 409 https://registry.npm.taobao.org/-/user/org.couchdb.user:htoooth
11 verbose headers { date: 'Wed, 07 Jun 2017 05:08:34 GMT',
11 verbose headers   'content-type': 'application/json; charset=utf-8',
11 verbose headers   'content-length': '60',
11 verbose headers   connection: 'keep-alive',
11 verbose headers   'x-current-requests': '1',
11 verbose headers   'x-readtime': '8' }
12 verbose request invalidating C:\Users\TaoHuang\AppData\Roaming\npm-cache\registry.npm.taobao.org\-\user\org.couchdb.user_3Ahtoooth on PUT
13 verbose adduser update existing user
14 verbose request uri https://registry.npm.taobao.org/-/user/org.couchdb.user:htoooth?write=true
15 verbose request no auth needed
16 info attempt registry request try #1 at 13:08:57
17 http request GET https://registry.npm.taobao.org/-/user/org.couchdb.user:htoooth?write=true
18 http 200 https://registry.npm.taobao.org/-/user/org.couchdb.user:htoooth?write=true
19 verbose headers { date: 'Wed, 07 Jun 2017 05:08:34 GMT',
19 verbose headers   'content-type': 'application/json; charset=utf-8',
19 verbose headers   'content-length': '226',
19 verbose headers   connection: 'keep-alive',
19 verbose headers   'x-current-requests': '1',
19 verbose headers   etag: '"e2-7sG+p0UXWEuMfz8nC8NmMOoggS4"',
19 verbose headers   'x-readtime': '32' }
20 verbose adduser userobj { _id: 'org.couchdb.user:htoooth',
20 verbose adduser   name: 'htoooth',
20 verbose adduser   password: 'XXXXX',
20 verbose adduser   email: 'ht.anglenx@gmail.com',
20 verbose adduser   type: 'user',
20 verbose adduser   roles: [],
20 verbose adduser   date: '2017-06-07T05:08:57.006Z' }
21 verbose request uri https://registry.npm.taobao.org/-/user/org.couchdb.user:htoooth/-rev/undefined
22 verbose request updating existing user; sending authorization
23 info attempt registry request try #1 at 13:08:57
24 http request PUT https://registry.npm.taobao.org/-/user/org.couchdb.user:htoooth/-rev/undefined
25 http 401 https://registry.npm.taobao.org/-/user/org.couchdb.user:htoooth/-rev/undefined
26 verbose headers { date: 'Wed, 07 Jun 2017 05:08:34 GMT',
26 verbose headers   'content-type': 'application/json; charset=utf-8',
26 verbose headers   'content-length': '47',
26 verbose headers   connection: 'keep-alive',
26 verbose headers   'x-current-requests': '1',
26 verbose headers   'x-readtime': '7' }
27 verbose request invalidating C:\Users\TaoHuang\AppData\Roaming\npm-cache\registry.npm.taobao.org\-\user\org.couchdb.user_3Ahtoooth on PUT
28 verbose adduser back [ { Error: unauthorized Login first: -/user/org.couchdb.user:htoooth/-rev/undefined
28 verbose adduser       at makeError (C:\Program Files\nodejs\node_modules\npm\node_modules\npm-registry-client\lib\request.js:304:12)
28 verbose adduser       at CachingRegistryClient.<anonymous> (C:\Program Files\nodejs\node_modules\npm\node_modules\npm-registry-client\lib\request.js:292:14)
28 verbose adduser       at Request._callback (C:\Program Files\nodejs\node_modules\npm\node_modules\npm-registry-client\lib\request.js:212:14)
28 verbose adduser       at Request.self.callback (C:\Program Files\nodejs\node_modules\npm\node_modules\request\request.js:186:22)
28 verbose adduser       at emitTwo (events.js:106:13)
28 verbose adduser       at Request.emit (events.js:194:7)
28 verbose adduser       at Request.<anonymous> (C:\Program Files\nodejs\node_modules\npm\node_modules\request\request.js:1081:10)
28 verbose adduser       at emitOne (events.js:96:13)
28 verbose adduser       at Request.emit (events.js:191:7)
28 verbose adduser       at IncomingMessage.<anonymous> (C:\Program Files\nodejs\node_modules\npm\node_modules\request\request.js:1001:12) statusCode: 401, code: 'E401' },
28 verbose adduser   { error: 'unauthorized', reason: 'Login first' },
28 verbose adduser   '{"error":"unauthorized","reason":"Login first"}' ]
29 warn adduser Incorrect username or password
29 warn adduser You can reset your account by visiting:
29 warn adduser
29 warn adduser     https://npmjs.org/forgot
30 verbose stack Error: unauthorized Login first: -/user/org.couchdb.user:htoooth/-rev/undefined
30 verbose stack     at makeError (C:\Program Files\nodejs\node_modules\npm\node_modules\npm-registry-client\lib\request.js:304:12)
30 verbose stack     at CachingRegistryClient.<anonymous> (C:\Program Files\nodejs\node_modules\npm\node_modules\npm-registry-client\lib\request.js:292:14)
30 verbose stack     at Request._callback (C:\Program Files\nodejs\node_modules\npm\node_modules\npm-registry-client\lib\request.js:212:14)
30 verbose stack     at Request.self.callback (C:\Program Files\nodejs\node_modules\npm\node_modules\request\request.js:186:22)
30 verbose stack     at emitTwo (events.js:106:13)
30 verbose stack     at Request.emit (events.js:194:7)
30 verbose stack     at Request.<anonymous> (C:\Program Files\nodejs\node_modules\npm\node_modules\request\request.js:1081:10)
30 verbose stack     at emitOne (events.js:96:13)
30 verbose stack     at Request.emit (events.js:191:7)
30 verbose stack     at IncomingMessage.<anonymous> (C:\Program Files\nodejs\node_modules\npm\node_modules\request\request.js:1001:12)
31 verbose statusCode 401
32 verbose cwd D:\shiwangme\eslint-config-htoo
33 error Windows_NT 6.1.7601
34 error argv "C:\\Program Files\\nodejs\\node.exe" "C:\\Program Files\\nodejs\\node_modules\\npm\\bin\\npm-cli.js" "login"
35 error node v7.7.2
36 error npm  v4.1.2
37 error code E401
38 error unauthorized Login first: -/user/org.couchdb.user:htoooth/-rev/undefined
39 error If you need help, you may report this error at:
39 error     <https://github.com/npm/npm/issues>
40 verbose exit [ 1, true ]
